<?xml version="1.0" encoding="UTF-8"?>
<testng-results retried="2" ignored="1" total="11" passed="7" failed="1" skipped="0">
  <reporter-output>
  </reporter-output>
  <suite started-at="2025-10-03T22:18:41 IST" name="Suite" finished-at="2025-10-03T22:18:43 IST" duration-ms="2089">
    <groups>
      <group name="regression">
        <method signature="AppCommons.loginTest(java.lang.String,java.lang.String,java.lang.String)[pri:2, instance:testng.framework.concepts.AppCommons@515aebb0]" name="loginTest" class="testng.framework.concepts.AppCommons"/>
        <method signature="AppCommons.testCase4()[pri:1, instance:testng.framework.concepts.AppCommons@515aebb0]" name="testCase4" class="testng.framework.concepts.AppCommons"/>
      </group> <!-- regression -->
      <group name="smoke">
        <method signature="AppCommons.testCase1()[pri:0, instance:testng.framework.concepts.AppCommons@515aebb0]" name="testCase1" class="testng.framework.concepts.AppCommons"/>
      </group> <!-- smoke -->
      <group name="sanity">
        <method signature="AppCommons.loginTest(java.lang.String,java.lang.String,java.lang.String)[pri:2, instance:testng.framework.concepts.AppCommons@515aebb0]" name="loginTest" class="testng.framework.concepts.AppCommons"/>
      </group> <!-- sanity -->
    </groups>
    <test started-at="2025-10-03T22:18:41 IST" name="Test" finished-at="2025-10-03T22:18:43 IST" duration-ms="2089">
      <class name="testng.framework.concepts.AppCommons">
        <test-method is-config="true" signature="startReporting()[pri:0, instance:testng.framework.concepts.AppCommons@515aebb0]" started-at="2025-10-03T22:18:41 IST" name="startReporting" finished-at="2025-10-03T22:18:41 IST" duration-ms="10" status="PASS">
          <reporter-output>
          </reporter-output>
        </test-method> <!-- startReporting -->
        <test-method is-config="true" signature="launchBrowserAndApplication(java.lang.String,java.lang.String)[pri:0, instance:testng.framework.concepts.AppCommons@515aebb0]" started-at="2025-10-03T22:18:41 IST" name="launchBrowserAndApplication" finished-at="2025-10-03T22:18:41 IST" duration-ms="3" status="PASS">
          <params>
            <param index="0">
              <value>
                <![CDATA[chrome]]>
              </value>
            </param>
            <param index="1">
              <value>
                <![CDATA[https://www.amazon.in/]]>
              </value>
            </param>
          </params>
          <reporter-output>
          </reporter-output>
        </test-method> <!-- launchBrowserAndApplication -->
        <test-method signature="testCase1()[pri:0, instance:testng.framework.concepts.AppCommons@515aebb0]" started-at="2025-10-03T22:18:41 IST" name="testCase1" finished-at="2025-10-03T22:18:41 IST" duration-ms="10" status="PASS">
          <reporter-output>
          </reporter-output>
        </test-method> <!-- testCase1 -->
        <test-method is-config="true" signature="closeBrowser()[pri:0, instance:testng.framework.concepts.AppCommons@515aebb0]" started-at="2025-10-03T22:18:41 IST" name="closeBrowser" finished-at="2025-10-03T22:18:41 IST" duration-ms="2" status="PASS">
          <reporter-output>
          </reporter-output>
        </test-method> <!-- closeBrowser -->
        <test-method signature="testCase1()[pri:0, instance:testng.framework.concepts.AppCommons@515aebb0]" started-at="2025-10-03T22:18:41 IST" name="testCase1" finished-at="2025-10-03T22:18:41 IST" duration-ms="1" status="PASS">
          <reporter-output>
          </reporter-output>
        </test-method> <!-- testCase1 -->
        <test-method is-config="true" signature="launchBrowserAndApplication(java.lang.String,java.lang.String)[pri:0, instance:testng.framework.concepts.AppCommons@515aebb0]" started-at="2025-10-03T22:18:41 IST" name="launchBrowserAndApplication" finished-at="2025-10-03T22:18:41 IST" duration-ms="0" status="PASS">
          <params>
            <param index="0">
              <value>
                <![CDATA[chrome]]>
              </value>
            </param>
            <param index="1">
              <value>
                <![CDATA[https://www.amazon.in/]]>
              </value>
            </param>
          </params>
          <reporter-output>
          </reporter-output>
        </test-method> <!-- launchBrowserAndApplication -->
        <test-method is-config="true" signature="closeBrowser()[pri:0, instance:testng.framework.concepts.AppCommons@515aebb0]" started-at="2025-10-03T22:18:41 IST" name="closeBrowser" finished-at="2025-10-03T22:18:41 IST" duration-ms="0" status="PASS">
          <reporter-output>
          </reporter-output>
        </test-method> <!-- closeBrowser -->
        <test-method is-config="true" signature="launchBrowserAndApplication(java.lang.String,java.lang.String)[pri:0, instance:testng.framework.concepts.AppCommons@515aebb0]" started-at="2025-10-03T22:18:41 IST" name="launchBrowserAndApplication" finished-at="2025-10-03T22:18:41 IST" duration-ms="0" status="PASS">
          <params>
            <param index="0">
              <value>
                <![CDATA[chrome]]>
              </value>
            </param>
            <param index="1">
              <value>
                <![CDATA[https://www.amazon.in/]]>
              </value>
            </param>
          </params>
          <reporter-output>
          </reporter-output>
        </test-method> <!-- launchBrowserAndApplication -->
        <test-method signature="testCase1()[pri:0, instance:testng.framework.concepts.AppCommons@515aebb0]" started-at="2025-10-03T22:18:41 IST" name="testCase1" finished-at="2025-10-03T22:18:41 IST" duration-ms="1" status="PASS">
          <reporter-output>
          </reporter-output>
        </test-method> <!-- testCase1 -->
        <test-method is-config="true" signature="closeBrowser()[pri:0, instance:testng.framework.concepts.AppCommons@515aebb0]" started-at="2025-10-03T22:18:41 IST" name="closeBrowser" finished-at="2025-10-03T22:18:41 IST" duration-ms="0" status="PASS">
          <reporter-output>
          </reporter-output>
        </test-method> <!-- closeBrowser -->
        <test-method is-config="true" signature="launchBrowserAndApplication(java.lang.String,java.lang.String)[pri:0, instance:testng.framework.concepts.AppCommons@515aebb0]" started-at="2025-10-03T22:18:41 IST" name="launchBrowserAndApplication" finished-at="2025-10-03T22:18:41 IST" duration-ms="1" status="PASS">
          <params>
            <param index="0">
              <value>
                <![CDATA[chrome]]>
              </value>
            </param>
            <param index="1">
              <value>
                <![CDATA[https://www.amazon.in/]]>
              </value>
            </param>
          </params>
          <reporter-output>
          </reporter-output>
        </test-method> <!-- launchBrowserAndApplication -->
        <test-method retried="true" signature="testCase5()[pri:0, instance:testng.framework.concepts.AppCommons@515aebb0]" started-at="2025-10-03T22:18:41 IST" name="testCase5" finished-at="2025-10-03T22:18:41 IST" duration-ms="3" status="SKIP">
          <exception class="java.lang.AssertionError">
            <message>
              <![CDATA[Failing test case 5 due to  << Data Issue >>]]>
            </message>
            <full-stacktrace>
              <![CDATA[java.lang.AssertionError: Failing test case 5 due to  << Data Issue >>
at org.testng.Assert.fail(Assert.java:99)
at testng.framework.concepts.AppCommons.testCase5(AppCommons.java:40)
at java.base/jdk.internal.reflect.DirectMethodHandleAccessor.invoke(DirectMethodHandleAccessor.java:103)
at java.base/java.lang.reflect.Method.invoke(Method.java:580)
at org.testng.internal.MethodInvocationHelper.invokeMethod(MethodInvocationHelper.java:133)
at org.testng.internal.TestInvoker.invokeMethod(TestInvoker.java:598)
at org.testng.internal.TestInvoker.invokeTestMethod(TestInvoker.java:173)
at org.testng.internal.MethodRunner.runInSequence(MethodRunner.java:46)
at org.testng.internal.TestInvoker$MethodInvocationAgent.invoke(TestInvoker.java:824)
at org.testng.internal.TestInvoker.invokeTestMethods(TestInvoker.java:146)
at org.testng.internal.TestMethodWorker.invokeTestMethods(TestMethodWorker.java:146)
at org.testng.internal.TestMethodWorker.run(TestMethodWorker.java:128)
at java.base/java.util.ArrayList.forEach(ArrayList.java:1596)
at org.testng.TestRunner.privateRun(TestRunner.java:794)
at org.testng.TestRunner.run(TestRunner.java:596)
at org.testng.SuiteRunner.runTest(SuiteRunner.java:377)
at org.testng.SuiteRunner.runSequentially(SuiteRunner.java:371)
at org.testng.SuiteRunner.privateRun(SuiteRunner.java:332)
at org.testng.SuiteRunner.run(SuiteRunner.java:276)
at org.testng.SuiteRunnerWorker.runSuite(SuiteRunnerWorker.java:53)
at org.testng.SuiteRunnerWorker.run(SuiteRunnerWorker.java:96)
at org.testng.TestNG.runSuitesSequentially(TestNG.java:1212)
at org.testng.TestNG.runSuitesLocally(TestNG.java:1134)
at org.testng.TestNG.runSuites(TestNG.java:1063)
at org.testng.TestNG.run(TestNG.java:1031)
at org.testng.remote.AbstractRemoteTestNG.run(AbstractRemoteTestNG.java:115)
at org.testng.remote.RemoteTestNG.initAndRun(RemoteTestNG.java:293)
at org.testng.remote.RemoteTestNG.main(RemoteTestNG.java:91)
]]>
            </full-stacktrace>
          </exception> <!-- java.lang.AssertionError -->
          <reporter-output>
          </reporter-output>
        </test-method> <!-- testCase5 -->
        <test-method retried="true" signature="testCase5()[pri:0, instance:testng.framework.concepts.AppCommons@515aebb0]" started-at="2025-10-03T22:18:41 IST" name="testCase5" finished-at="2025-10-03T22:18:41 IST" duration-ms="1" status="SKIP">
          <exception class="java.lang.AssertionError">
            <message>
              <![CDATA[Failing test case 5 due to  << Data Issue >>]]>
            </message>
            <full-stacktrace>
              <![CDATA[java.lang.AssertionError: Failing test case 5 due to  << Data Issue >>
at org.testng.Assert.fail(Assert.java:99)
at testng.framework.concepts.AppCommons.testCase5(AppCommons.java:40)
at java.base/jdk.internal.reflect.DirectMethodHandleAccessor.invoke(DirectMethodHandleAccessor.java:103)
at java.base/java.lang.reflect.Method.invoke(Method.java:580)
at org.testng.internal.MethodInvocationHelper.invokeMethod(MethodInvocationHelper.java:133)
at org.testng.internal.TestInvoker.invokeMethod(TestInvoker.java:598)
at org.testng.internal.TestInvoker.retryFailed(TestInvoker.java:213)
at org.testng.internal.MethodRunner.runInSequence(MethodRunner.java:58)
at org.testng.internal.TestInvoker$MethodInvocationAgent.invoke(TestInvoker.java:824)
at org.testng.internal.TestInvoker.invokeTestMethods(TestInvoker.java:146)
at org.testng.internal.TestMethodWorker.invokeTestMethods(TestMethodWorker.java:146)
at org.testng.internal.TestMethodWorker.run(TestMethodWorker.java:128)
at java.base/java.util.ArrayList.forEach(ArrayList.java:1596)
at org.testng.TestRunner.privateRun(TestRunner.java:794)
at org.testng.TestRunner.run(TestRunner.java:596)
at org.testng.SuiteRunner.runTest(SuiteRunner.java:377)
at org.testng.SuiteRunner.runSequentially(SuiteRunner.java:371)
at org.testng.SuiteRunner.privateRun(SuiteRunner.java:332)
at org.testng.SuiteRunner.run(SuiteRunner.java:276)
at org.testng.SuiteRunnerWorker.runSuite(SuiteRunnerWorker.java:53)
at org.testng.SuiteRunnerWorker.run(SuiteRunnerWorker.java:96)
at org.testng.TestNG.runSuitesSequentially(TestNG.java:1212)
at org.testng.TestNG.runSuitesLocally(TestNG.java:1134)
at org.testng.TestNG.runSuites(TestNG.java:1063)
at org.testng.TestNG.run(TestNG.java:1031)
at org.testng.remote.AbstractRemoteTestNG.run(AbstractRemoteTestNG.java:115)
at org.testng.remote.RemoteTestNG.initAndRun(RemoteTestNG.java:293)
at org.testng.remote.RemoteTestNG.main(RemoteTestNG.java:91)
]]>
            </full-stacktrace>
          </exception> <!-- java.lang.AssertionError -->
          <reporter-output>
          </reporter-output>
        </test-method> <!-- testCase5 -->
        <test-method is-config="true" signature="closeBrowser()[pri:0, instance:testng.framework.concepts.AppCommons@515aebb0]" started-at="2025-10-03T22:18:41 IST" name="closeBrowser" finished-at="2025-10-03T22:18:41 IST" duration-ms="0" status="PASS">
          <reporter-output>
          </reporter-output>
        </test-method> <!-- closeBrowser -->
        <test-method is-config="true" signature="launchBrowserAndApplication(java.lang.String,java.lang.String)[pri:0, instance:testng.framework.concepts.AppCommons@515aebb0]" started-at="2025-10-03T22:18:41 IST" name="launchBrowserAndApplication" finished-at="2025-10-03T22:18:41 IST" duration-ms="0" status="PASS">
          <params>
            <param index="0">
              <value>
                <![CDATA[chrome]]>
              </value>
            </param>
            <param index="1">
              <value>
                <![CDATA[https://www.amazon.in/]]>
              </value>
            </param>
          </params>
          <reporter-output>
          </reporter-output>
        </test-method> <!-- launchBrowserAndApplication -->
        <test-method is-config="true" signature="closeBrowser()[pri:0, instance:testng.framework.concepts.AppCommons@515aebb0]" started-at="2025-10-03T22:18:41 IST" name="closeBrowser" finished-at="2025-10-03T22:18:41 IST" duration-ms="0" status="PASS">
          <reporter-output>
          </reporter-output>
        </test-method> <!-- closeBrowser -->
        <test-method signature="testCase5()[pri:0, instance:testng.framework.concepts.AppCommons@515aebb0]" started-at="2025-10-03T22:18:41 IST" name="testCase5" finished-at="2025-10-03T22:18:41 IST" duration-ms="1" status="FAIL">
          <exception class="java.lang.AssertionError">
            <message>
              <![CDATA[Failing test case 5 due to  << Data Issue >>]]>
            </message>
            <full-stacktrace>
              <![CDATA[java.lang.AssertionError: Failing test case 5 due to  << Data Issue >>
at org.testng.Assert.fail(Assert.java:99)
at testng.framework.concepts.AppCommons.testCase5(AppCommons.java:40)
at java.base/jdk.internal.reflect.DirectMethodHandleAccessor.invoke(DirectMethodHandleAccessor.java:103)
at java.base/java.lang.reflect.Method.invoke(Method.java:580)
at org.testng.internal.MethodInvocationHelper.invokeMethod(MethodInvocationHelper.java:133)
at org.testng.internal.TestInvoker.invokeMethod(TestInvoker.java:598)
at org.testng.internal.TestInvoker.retryFailed(TestInvoker.java:213)
at org.testng.internal.MethodRunner.runInSequence(MethodRunner.java:58)
at org.testng.internal.TestInvoker$MethodInvocationAgent.invoke(TestInvoker.java:824)
at org.testng.internal.TestInvoker.invokeTestMethods(TestInvoker.java:146)
at org.testng.internal.TestMethodWorker.invokeTestMethods(TestMethodWorker.java:146)
at org.testng.internal.TestMethodWorker.run(TestMethodWorker.java:128)
at java.base/java.util.ArrayList.forEach(ArrayList.java:1596)
at org.testng.TestRunner.privateRun(TestRunner.java:794)
at org.testng.TestRunner.run(TestRunner.java:596)
at org.testng.SuiteRunner.runTest(SuiteRunner.java:377)
at org.testng.SuiteRunner.runSequentially(SuiteRunner.java:371)
at org.testng.SuiteRunner.privateRun(SuiteRunner.java:332)
at org.testng.SuiteRunner.run(SuiteRunner.java:276)
at org.testng.SuiteRunnerWorker.runSuite(SuiteRunnerWorker.java:53)
at org.testng.SuiteRunnerWorker.run(SuiteRunnerWorker.java:96)
at org.testng.TestNG.runSuitesSequentially(TestNG.java:1212)
at org.testng.TestNG.runSuitesLocally(TestNG.java:1134)
at org.testng.TestNG.runSuites(TestNG.java:1063)
at org.testng.TestNG.run(TestNG.java:1031)
at org.testng.remote.AbstractRemoteTestNG.run(AbstractRemoteTestNG.java:115)
at org.testng.remote.RemoteTestNG.initAndRun(RemoteTestNG.java:293)
at org.testng.remote.RemoteTestNG.main(RemoteTestNG.java:91)
]]>
            </full-stacktrace>
          </exception> <!-- java.lang.AssertionError -->
          <reporter-output>
          </reporter-output>
        </test-method> <!-- testCase5 -->
        <test-method is-config="true" signature="launchBrowserAndApplication(java.lang.String,java.lang.String)[pri:0, instance:testng.framework.concepts.AppCommons@515aebb0]" started-at="2025-10-03T22:18:41 IST" name="launchBrowserAndApplication" finished-at="2025-10-03T22:18:41 IST" duration-ms="0" status="PASS">
          <params>
            <param index="0">
              <value>
                <![CDATA[chrome]]>
              </value>
            </param>
            <param index="1">
              <value>
                <![CDATA[https://www.amazon.in/]]>
              </value>
            </param>
          </params>
          <reporter-output>
          </reporter-output>
        </test-method> <!-- launchBrowserAndApplication -->
        <test-method is-config="true" signature="closeBrowser()[pri:0, instance:testng.framework.concepts.AppCommons@515aebb0]" started-at="2025-10-03T22:18:41 IST" name="closeBrowser" finished-at="2025-10-03T22:18:41 IST" duration-ms="0" status="PASS">
          <reporter-output>
          </reporter-output>
        </test-method> <!-- closeBrowser -->
        <test-method is-config="true" signature="launchBrowserAndApplication(java.lang.String,java.lang.String)[pri:0, instance:testng.framework.concepts.AppCommons@515aebb0]" started-at="2025-10-03T22:18:41 IST" name="launchBrowserAndApplication" finished-at="2025-10-03T22:18:41 IST" duration-ms="0" status="PASS">
          <params>
            <param index="0">
              <value>
                <![CDATA[chrome]]>
              </value>
            </param>
            <param index="1">
              <value>
                <![CDATA[https://www.amazon.in/]]>
              </value>
            </param>
          </params>
          <reporter-output>
          </reporter-output>
        </test-method> <!-- launchBrowserAndApplication -->
        <test-method signature="testCase4()[pri:1, instance:testng.framework.concepts.AppCommons@515aebb0]" started-at="2025-10-03T22:18:41 IST" name="testCase4" finished-at="2025-10-03T22:18:43 IST" duration-ms="2007" status="PASS">
          <reporter-output>
          </reporter-output>
        </test-method> <!-- testCase4 -->
        <test-method is-config="true" signature="closeBrowser()[pri:0, instance:testng.framework.concepts.AppCommons@515aebb0]" started-at="2025-10-03T22:18:43 IST" name="closeBrowser" finished-at="2025-10-03T22:18:43 IST" duration-ms="1" status="PASS">
          <reporter-output>
          </reporter-output>
        </test-method> <!-- closeBrowser -->
        <test-method is-config="true" signature="launchBrowserAndApplication(java.lang.String,java.lang.String)[pri:0, instance:testng.framework.concepts.AppCommons@515aebb0]" started-at="2025-10-03T22:18:43 IST" name="launchBrowserAndApplication" finished-at="2025-10-03T22:18:43 IST" duration-ms="1" status="PASS">
          <params>
            <param index="0">
              <value>
                <![CDATA[chrome]]>
              </value>
            </param>
            <param index="1">
              <value>
                <![CDATA[https://www.amazon.in/]]>
              </value>
            </param>
          </params>
          <reporter-output>
          </reporter-output>
        </test-method> <!-- launchBrowserAndApplication -->
        <test-method signature="loginTest(java.lang.String,java.lang.String,java.lang.String)[pri:2, instance:testng.framework.concepts.AppCommons@515aebb0]" started-at="2025-10-03T22:18:43 IST" name="loginTest" data-provider="loginData" finished-at="2025-10-03T22:18:43 IST" duration-ms="6" status="PASS">
          <params>
            <param index="0">
              <value>
                <![CDATA[User1]]>
              </value>
            </param>
            <param index="1">
              <value>
                <![CDATA[Pass1]]>
              </value>
            </param>
            <param index="2">
              <value>
                <![CDATA[Answer1]]>
              </value>
            </param>
          </params>
          <reporter-output>
          </reporter-output>
        </test-method> <!-- loginTest -->
        <test-method is-config="true" signature="launchBrowserAndApplication(java.lang.String,java.lang.String)[pri:0, instance:testng.framework.concepts.AppCommons@515aebb0]" started-at="2025-10-03T22:18:43 IST" name="launchBrowserAndApplication" finished-at="2025-10-03T22:18:43 IST" duration-ms="0" status="PASS">
          <params>
            <param index="0">
              <value>
                <![CDATA[chrome]]>
              </value>
            </param>
            <param index="1">
              <value>
                <![CDATA[https://www.amazon.in/]]>
              </value>
            </param>
          </params>
          <reporter-output>
          </reporter-output>
        </test-method> <!-- launchBrowserAndApplication -->
        <test-method is-config="true" signature="closeBrowser()[pri:0, instance:testng.framework.concepts.AppCommons@515aebb0]" started-at="2025-10-03T22:18:43 IST" name="closeBrowser" finished-at="2025-10-03T22:18:43 IST" duration-ms="0" status="PASS">
          <reporter-output>
          </reporter-output>
        </test-method> <!-- closeBrowser -->
        <test-method signature="loginTest(java.lang.String,java.lang.String,java.lang.String)[pri:2, instance:testng.framework.concepts.AppCommons@515aebb0]" started-at="2025-10-03T22:18:43 IST" name="loginTest" data-provider="loginData" finished-at="2025-10-03T22:18:43 IST" duration-ms="0" status="PASS">
          <params>
            <param index="0">
              <value>
                <![CDATA[User2]]>
              </value>
            </param>
            <param index="1">
              <value>
                <![CDATA[Pass2]]>
              </value>
            </param>
            <param index="2">
              <value>
                <![CDATA[Answer2]]>
              </value>
            </param>
          </params>
          <reporter-output>
          </reporter-output>
        </test-method> <!-- loginTest -->
        <test-method is-config="true" signature="launchBrowserAndApplication(java.lang.String,java.lang.String)[pri:0, instance:testng.framework.concepts.AppCommons@515aebb0]" started-at="2025-10-03T22:18:43 IST" name="launchBrowserAndApplication" finished-at="2025-10-03T22:18:43 IST" duration-ms="0" status="PASS">
          <params>
            <param index="0">
              <value>
                <![CDATA[chrome]]>
              </value>
            </param>
            <param index="1">
              <value>
                <![CDATA[https://www.amazon.in/]]>
              </value>
            </param>
          </params>
          <reporter-output>
          </reporter-output>
        </test-method> <!-- launchBrowserAndApplication -->
        <test-method signature="loginTest(java.lang.String,java.lang.String,java.lang.String)[pri:2, instance:testng.framework.concepts.AppCommons@515aebb0]" started-at="2025-10-03T22:18:43 IST" name="loginTest" data-provider="loginData" finished-at="2025-10-03T22:18:43 IST" duration-ms="1" status="PASS">
          <params>
            <param index="0">
              <value>
                <![CDATA[User3]]>
              </value>
            </param>
            <param index="1">
              <value>
                <![CDATA[Pass3]]>
              </value>
            </param>
            <param index="2">
              <value>
                <![CDATA[Answer3]]>
              </value>
            </param>
          </params>
          <reporter-output>
          </reporter-output>
        </test-method> <!-- loginTest -->
        <test-method is-config="true" signature="closeBrowser()[pri:0, instance:testng.framework.concepts.AppCommons@515aebb0]" started-at="2025-10-03T22:18:43 IST" name="closeBrowser" finished-at="2025-10-03T22:18:43 IST" duration-ms="0" status="PASS">
          <reporter-output>
          </reporter-output>
        </test-method> <!-- closeBrowser -->
        <test-method is-config="true" signature="closeBrowser()[pri:0, instance:testng.framework.concepts.AppCommons@515aebb0]" started-at="2025-10-03T22:18:43 IST" name="closeBrowser" finished-at="2025-10-03T22:18:43 IST" duration-ms="0" status="PASS">
          <reporter-output>
          </reporter-output>
        </test-method> <!-- closeBrowser -->
        <test-method is-config="true" signature="stopReporting()[pri:0, instance:testng.framework.concepts.AppCommons@515aebb0]" started-at="2025-10-03T22:18:44 IST" name="stopReporting" finished-at="2025-10-03T22:18:44 IST" duration-ms="1" status="PASS">
          <reporter-output>
          </reporter-output>
        </test-method> <!-- stopReporting -->
      </class> <!-- testng.framework.concepts.AppCommons -->
    </test> <!-- Test -->
  </suite> <!-- Suite -->
</testng-results>
